
Showing logs for build [32mcb-kubecd-environment-pr-499-4-hl4pm-1[0m stage [32mmeta-pipeline[0m and container [32mstep-credential-initializer-xdfmh[0m
{"level":"warn","ts":1568369629.9353004,"logger":"fallback-logger","caller":"logging/config.go:69","msg":"Fetch GitHub commit ID from kodata failed: \"ref: refs/heads/master\" is not a valid GitHub commit ID"}
{"level":"info","ts":1568369629.935945,"logger":"fallback-logger","caller":"creds-init/main.go:40","msg":"Credentials initialized."}

Showing logs for build [32mcb-kubecd-environment-pr-499-4-hl4pm-1[0m stage [32mmeta-pipeline[0m and container [32mstep-working-dir-initializer-k4x5l[0m
{"level":"warn","ts":1568369631.3307638,"logger":"fallback-logger","caller":"logging/config.go:69","msg":"Fetch GitHub commit ID from kodata failed: open /var/run/ko/HEAD: no such file or directory"}
{"level":"info","ts":1568369631.3321922,"logger":"fallback-logger","caller":"bash/main.go:65","msg":"Successfully executed command \"mkdir -p /workspace/source\""}

Showing logs for build [32mcb-kubecd-environment-pr-499-4-hl4pm-1[0m stage [32mmeta-pipeline[0m and container [32mstep-place-tools[0m

Showing logs for build [32mcb-kubecd-environment-pr-499-4-hl4pm-1[0m stage [32mmeta-pipeline[0m and container [32mstep-git-source-meta-cb-kubecd-environment-pr-4-5jmdm[0m
{"level":"warn","ts":1568369637.6056192,"logger":"fallback-logger","caller":"logging/config.go:69","msg":"Fetch GitHub commit ID from kodata failed: \"ref: refs/heads/master\" is not a valid GitHub commit ID"}
{"level":"info","ts":1568369638.6737676,"logger":"fallback-logger","caller":"git/git.go:102","msg":"Successfully cloned https://github.com/cb-kubecd/environment-pr-499-4-tekton-gkebdd-staging.git @ 4c27f7b41ff66550090d2afaf0a9b3b4d9fdd761 in path /workspace/source"}

Showing logs for build [32mcb-kubecd-environment-pr-499-4-hl4pm-1[0m stage [32mmeta-pipeline[0m and container [32mstep-git-merge[0m
Using SHAs from PULL_REFS=master:4c27f7b41ff66550090d2afaf0a9b3b4d9fdd761,4:1f4970b4b0a92417816cf80ce5483ad3c27b2746
DEBUG: ran git fetch --unshallow origin 1f4970b4b0a92417816cf80ce5483ad3c27b2746: 4c27f7b41ff66550090d2afaf0a9b3b4d9fdd761: in 
DEBUG: ran git checkout master in 
DEBUG: ran git reset --hard 4c27f7b41ff66550090d2afaf0a9b3b4d9fdd761 in 
DEBUG: ran clean --force -d . in 
DEBUG: ran git merge 1f4970b4b0a92417816cf80ce5483ad3c27b2746 in 
Merged SHA 1f4970b4b0a92417816cf80ce5483ad3c27b2746 with commit message 'chore: Promote bdd-sbhg-import-1568369151 to version 0.0.1' into base branch master

Showing logs for build [32mcb-kubecd-environment-pr-499-4-hl4pm-1[0m stage [32mmeta-pipeline[0m and container [32mstep-merge-pull-refs[0m
DEBUG: ran git fetch origin 1f4970b4b0a92417816cf80ce5483ad3c27b2746: 4c27f7b41ff66550090d2afaf0a9b3b4d9fdd761: in 
DEBUG: Unshallowed git repo in 
DEBUG: ran git checkout master in 
DEBUG: ran git reset --hard 4c27f7b41ff66550090d2afaf0a9b3b4d9fdd761 in 
DEBUG: ran clean --force -d . in 
DEBUG: ran git merge 1f4970b4b0a92417816cf80ce5483ad3c27b2746 in 
Merged SHA 1f4970b4b0a92417816cf80ce5483ad3c27b2746 with commit message 'chore: Promote bdd-sbhg-import-1568369151 to version 0.0.1' into base branch master

Showing logs for build [32mcb-kubecd-environment-pr-499-4-hl4pm-1[0m stage [32mmeta-pipeline[0m and container [32mstep-create-effective-pipeline[0m
Deleting and cloning the Jenkins X versions repo
Cloning the Jenkins X versions repo https://github.com/jenkins-x/jenkins-x-versions.git with revision f04d40a4a432b0b662e58ecc52a4d2647cf29541 to /builder/home/.**/jenkins-x-versions
From https://github.com/jenkins-x/jenkins-x-versions
 * branch            f04d40a4a432b0b662e58ecc52a4d2647cf29541 -> FETCH_HEAD
selected pack: /builder/home/.**/draft/packs/github.com/jenkins-x-buildpacks/jenkins-x-kubernetes/packs/environment
Effective pipeline written to jenkins-x-promotion-build-effective.yml

Showing logs for build [32mcb-kubecd-environment-pr-499-4-hl4pm-1[0m stage [32mmeta-pipeline[0m and container [32mstep-create-tekton-crds[0m
Deleting and cloning the Jenkins X versions repo
Cloning the Jenkins X versions repo https://github.com/jenkins-x/jenkins-x-versions.git with revision f04d40a4a432b0b662e58ecc52a4d2647cf29541 to /builder/home/.**/jenkins-x-versions
From https://github.com/jenkins-x/jenkins-x-versions
 * branch            f04d40a4a432b0b662e58ecc52a4d2647cf29541 -> FETCH_HEAD
PipelineActivity for cb-kubecd-environment-pr-499-4-tekton-gkebdd-staging-PR-4-1
Applying changes 
upserted PipelineResource cb-kubecd-environment-pr-499-4 for the git repository https://github.com/cb-kubecd/environment-pr-499-4-tekton-gkebdd-staging.git
upserted Task cb-kubecd-environment-pr-499-4-hl4pm-from-build-pack-1
upserted Pipeline cb-kubecd-environment-pr-499-4-hl4pm-1
created PipelineRun cb-kubecd-environment-pr-499-4-hl4pm-1
created PipelineStructure cb-kubecd-environment-pr-499-4-hl4pm-1

Showing logs for build [32mcb-kubecd-environment-pr-499-4-hl4pm-1[0m stage [32mfrom-build-pack[0m and container [32mstep-credential-initializer-4qtpm[0m
{"level":"warn","ts":1568369653.5615687,"logger":"fallback-logger","caller":"logging/config.go:69","msg":"Fetch GitHub commit ID from kodata failed: \"ref: refs/heads/master\" is not a valid GitHub commit ID"}
{"level":"info","ts":1568369653.5626035,"logger":"fallback-logger","caller":"creds-init/main.go:40","msg":"Credentials initialized."}

Showing logs for build [32mcb-kubecd-environment-pr-499-4-hl4pm-1[0m stage [32mfrom-build-pack[0m and container [32mstep-working-dir-initializer-2qm5h[0m
{"level":"warn","ts":1568369654.6759214,"logger":"fallback-logger","caller":"logging/config.go:69","msg":"Fetch GitHub commit ID from kodata failed: open /var/run/ko/HEAD: no such file or directory"}
{"level":"info","ts":1568369654.677384,"logger":"fallback-logger","caller":"bash/main.go:65","msg":"Successfully executed command \"mkdir -p /workspace/source /workspace/source/env\""}

Showing logs for build [32mcb-kubecd-environment-pr-499-4-hl4pm-1[0m stage [32mfrom-build-pack[0m and container [32mstep-place-tools[0m

Showing logs for build [32mcb-kubecd-environment-pr-499-4-hl4pm-1[0m stage [32mfrom-build-pack[0m and container [32mstep-git-source-cb-kubecd-environment-pr-499-4-58jdx[0m
{"level":"warn","ts":1568369658.8116846,"logger":"fallback-logger","caller":"logging/config.go:69","msg":"Fetch GitHub commit ID from kodata failed: \"ref: refs/heads/master\" is not a valid GitHub commit ID"}
{"level":"info","ts":1568369659.874672,"logger":"fallback-logger","caller":"git/git.go:102","msg":"Successfully cloned https://github.com/cb-kubecd/environment-pr-499-4-tekton-gkebdd-staging.git @ master in path /workspace/source"}

Showing logs for build [32mcb-kubecd-environment-pr-499-4-hl4pm-1[0m stage [32mfrom-build-pack[0m and container [32mstep-git-merge[0m
Using SHAs from PULL_REFS=master:4c27f7b41ff66550090d2afaf0a9b3b4d9fdd761,4:1f4970b4b0a92417816cf80ce5483ad3c27b2746
DEBUG: ran git fetch --unshallow origin 1f4970b4b0a92417816cf80ce5483ad3c27b2746: 4c27f7b41ff66550090d2afaf0a9b3b4d9fdd761: in 
DEBUG: ran git checkout master in 
DEBUG: ran git reset --hard 4c27f7b41ff66550090d2afaf0a9b3b4d9fdd761 in 
DEBUG: ran clean --force -d . in 
DEBUG: ran git merge 1f4970b4b0a92417816cf80ce5483ad3c27b2746 in 
Merged SHA 1f4970b4b0a92417816cf80ce5483ad3c27b2746 with commit message 'chore: Promote bdd-sbhg-import-1568369151 to version 0.0.1' into base branch master

Showing logs for build [32mcb-kubecd-environment-pr-499-4-hl4pm-1[0m stage [32mfrom-build-pack[0m and container [32mstep-build-helm-build[0m
WARNING: No $CHART_REPOSITORY defined so using the default value of: http://jenkins-x-chartmuseum:8080
Adding missing Helm repo: storage.googleapis.com https://storage.googleapis.com/chartmuseum.jenkins-x.io
Successfully added Helm repository storage.googleapis.com.
Adding missing Helm repo: jenkins-x-chartmuseum http://jenkins-x-chartmuseum:8080
Successfully added Helm repository jenkins-x-chartmuseum.
WARNING: No $CHART_REPOSITORY defined so using the default value of: http://jenkins-x-chartmuseum:8080
Adding missing Helm repo: chartmuseum.jenkins-x.io http://chartmuseum.jenkins-x.io
Successfully added Helm repository chartmuseum.jenkins-x.io.
