
Showing logs for build [32mcb-kubecd-environment-pr-499-4-cc5th-1[0m stage [32mmeta-pipeline[0m and container [32mstep-credential-initializer-8wc4k[0m
{"level":"warn","ts":1568370416.847776,"logger":"fallback-logger","caller":"logging/config.go:69","msg":"Fetch GitHub commit ID from kodata failed: \"ref: refs/heads/master\" is not a valid GitHub commit ID"}
{"level":"info","ts":1568370416.848425,"logger":"fallback-logger","caller":"creds-init/main.go:40","msg":"Credentials initialized."}

Showing logs for build [32mcb-kubecd-environment-pr-499-4-cc5th-1[0m stage [32mmeta-pipeline[0m and container [32mstep-working-dir-initializer-bwl2p[0m
{"level":"warn","ts":1568370418.209608,"logger":"fallback-logger","caller":"logging/config.go:69","msg":"Fetch GitHub commit ID from kodata failed: open /var/run/ko/HEAD: no such file or directory"}
{"level":"info","ts":1568370418.212466,"logger":"fallback-logger","caller":"bash/main.go:65","msg":"Successfully executed command \"mkdir -p /workspace/source\""}

Showing logs for build [32mcb-kubecd-environment-pr-499-4-cc5th-1[0m stage [32mmeta-pipeline[0m and container [32mstep-place-tools[0m

Showing logs for build [32mcb-kubecd-environment-pr-499-4-cc5th-1[0m stage [32mmeta-pipeline[0m and container [32mstep-git-source-meta-cb-kubecd-environment-pr-4-frzxk[0m
{"level":"warn","ts":1568370424.2885437,"logger":"fallback-logger","caller":"logging/config.go:69","msg":"Fetch GitHub commit ID from kodata failed: \"ref: refs/heads/master\" is not a valid GitHub commit ID"}
{"level":"info","ts":1568370425.3536537,"logger":"fallback-logger","caller":"git/git.go:102","msg":"Successfully cloned https://github.com/cb-kubecd/environment-pr-499-4-tekton-gkebdd-staging.git @ 430b30fd7b28a3108ad894100584d1c8ec7633ff in path /workspace/source"}

Showing logs for build [32mcb-kubecd-environment-pr-499-4-cc5th-1[0m stage [32mmeta-pipeline[0m and container [32mstep-git-merge[0m
Using SHAs from PULL_REFS=master:430b30fd7b28a3108ad894100584d1c8ec7633ff,6:e5d4782af5020881e232cd497237152bbce15034
DEBUG: ran git fetch --unshallow origin e5d4782af5020881e232cd497237152bbce15034: 430b30fd7b28a3108ad894100584d1c8ec7633ff: in 
DEBUG: ran git checkout master in 
DEBUG: ran git reset --hard 430b30fd7b28a3108ad894100584d1c8ec7633ff in 
DEBUG: ran clean --force -d . in 
DEBUG: ran git merge e5d4782af5020881e232cd497237152bbce15034 in 
Merged SHA e5d4782af5020881e232cd497237152bbce15034 with commit message 'chore: Promote bdd-nh-import-1568369151 to version 0.0.1' into base branch master

Showing logs for build [32mcb-kubecd-environment-pr-499-4-cc5th-1[0m stage [32mmeta-pipeline[0m and container [32mstep-merge-pull-refs[0m
DEBUG: ran git fetch origin e5d4782af5020881e232cd497237152bbce15034: 430b30fd7b28a3108ad894100584d1c8ec7633ff: in 
DEBUG: Unshallowed git repo in 
DEBUG: ran git checkout master in 
DEBUG: ran git reset --hard 430b30fd7b28a3108ad894100584d1c8ec7633ff in 
DEBUG: ran clean --force -d . in 
DEBUG: ran git merge e5d4782af5020881e232cd497237152bbce15034 in 
Merged SHA e5d4782af5020881e232cd497237152bbce15034 with commit message 'chore: Promote bdd-nh-import-1568369151 to version 0.0.1' into base branch master

Showing logs for build [32mcb-kubecd-environment-pr-499-4-cc5th-1[0m stage [32mmeta-pipeline[0m and container [32mstep-create-effective-pipeline[0m
Deleting and cloning the Jenkins X versions repo
Cloning the Jenkins X versions repo https://github.com/jenkins-x/jenkins-x-versions.git with revision f04d40a4a432b0b662e58ecc52a4d2647cf29541 to /builder/home/.**/jenkins-x-versions
From https://github.com/jenkins-x/jenkins-x-versions
 * branch            f04d40a4a432b0b662e58ecc52a4d2647cf29541 -> FETCH_HEAD
selected pack: /builder/home/.**/draft/packs/github.com/jenkins-x-buildpacks/jenkins-x-kubernetes/packs/environment
Effective pipeline written to jenkins-x-promotion-build-effective.yml

Showing logs for build [32mcb-kubecd-environment-pr-499-4-cc5th-1[0m stage [32mmeta-pipeline[0m and container [32mstep-create-tekton-crds[0m
Deleting and cloning the Jenkins X versions repo
Cloning the Jenkins X versions repo https://github.com/jenkins-x/jenkins-x-versions.git with revision f04d40a4a432b0b662e58ecc52a4d2647cf29541 to /builder/home/.**/jenkins-x-versions
From https://github.com/jenkins-x/jenkins-x-versions
 * branch            f04d40a4a432b0b662e58ecc52a4d2647cf29541 -> FETCH_HEAD
PipelineActivity for cb-kubecd-environment-pr-499-4-tekton-gkebdd-staging-PR-6-1
Applying changes 
upserted PipelineResource cb-kubecd-environment-pr-499-4 for the git repository https://github.com/cb-kubecd/environment-pr-499-4-tekton-gkebdd-staging.git
upserted Task cb-kubecd-environment-pr-499-4-cc5th-from-build-pack-1
upserted Pipeline cb-kubecd-environment-pr-499-4-cc5th-1
created PipelineRun cb-kubecd-environment-pr-499-4-cc5th-1
created PipelineStructure cb-kubecd-environment-pr-499-4-cc5th-1

Showing logs for build [32mcb-kubecd-environment-pr-499-4-cc5th-1[0m stage [32mfrom-build-pack[0m and container [32mstep-credential-initializer-v96bc[0m
{"level":"warn","ts":1568370440.7332332,"logger":"fallback-logger","caller":"logging/config.go:69","msg":"Fetch GitHub commit ID from kodata failed: \"ref: refs/heads/master\" is not a valid GitHub commit ID"}
{"level":"info","ts":1568370440.7337937,"logger":"fallback-logger","caller":"creds-init/main.go:40","msg":"Credentials initialized."}

Showing logs for build [32mcb-kubecd-environment-pr-499-4-cc5th-1[0m stage [32mfrom-build-pack[0m and container [32mstep-working-dir-initializer-rb56s[0m
{"level":"warn","ts":1568370441.3445554,"logger":"fallback-logger","caller":"logging/config.go:69","msg":"Fetch GitHub commit ID from kodata failed: open /var/run/ko/HEAD: no such file or directory"}
{"level":"info","ts":1568370441.346623,"logger":"fallback-logger","caller":"bash/main.go:65","msg":"Successfully executed command \"mkdir -p /workspace/source /workspace/source/env\""}

Showing logs for build [32mcb-kubecd-environment-pr-499-4-cc5th-1[0m stage [32mfrom-build-pack[0m and container [32mstep-place-tools[0m

Showing logs for build [32mcb-kubecd-environment-pr-499-4-cc5th-1[0m stage [32mfrom-build-pack[0m and container [32mstep-git-source-cb-kubecd-environment-pr-499-4-gq59p[0m
{"level":"warn","ts":1568370446.5624197,"logger":"fallback-logger","caller":"logging/config.go:69","msg":"Fetch GitHub commit ID from kodata failed: \"ref: refs/heads/master\" is not a valid GitHub commit ID"}
{"level":"info","ts":1568370447.7426202,"logger":"fallback-logger","caller":"git/git.go:102","msg":"Successfully cloned https://github.com/cb-kubecd/environment-pr-499-4-tekton-gkebdd-staging.git @ master in path /workspace/source"}

Showing logs for build [32mcb-kubecd-environment-pr-499-4-cc5th-1[0m stage [32mfrom-build-pack[0m and container [32mstep-git-merge[0m
Using SHAs from PULL_REFS=master:430b30fd7b28a3108ad894100584d1c8ec7633ff,6:e5d4782af5020881e232cd497237152bbce15034
DEBUG: ran git fetch --unshallow origin e5d4782af5020881e232cd497237152bbce15034: 430b30fd7b28a3108ad894100584d1c8ec7633ff: in 
DEBUG: ran git checkout master in 
DEBUG: ran git reset --hard 430b30fd7b28a3108ad894100584d1c8ec7633ff in 
DEBUG: ran clean --force -d . in 
DEBUG: ran git merge e5d4782af5020881e232cd497237152bbce15034 in 
Merged SHA e5d4782af5020881e232cd497237152bbce15034 with commit message 'chore: Promote bdd-nh-import-1568369151 to version 0.0.1' into base branch master

Showing logs for build [32mcb-kubecd-environment-pr-499-4-cc5th-1[0m stage [32mfrom-build-pack[0m and container [32mstep-build-helm-build[0m
WARNING: No $CHART_REPOSITORY defined so using the default value of: http://jenkins-x-chartmuseum:8080
Adding missing Helm repo: storage.googleapis.com https://storage.googleapis.com/chartmuseum.jenkins-x.io
Successfully added Helm repository storage.googleapis.com.
Adding missing Helm repo: jenkins-x-chartmuseum http://jenkins-x-chartmuseum:8080
Successfully added Helm repository jenkins-x-chartmuseum.
WARNING: No $CHART_REPOSITORY defined so using the default value of: http://jenkins-x-chartmuseum:8080
Adding missing Helm repo: chartmuseum.jenkins-x.io http://chartmuseum.jenkins-x.io
Successfully added Helm repository chartmuseum.jenkins-x.io.
