
Showing logs for build [32mcb-kubecd-environment-pr-499-4-s5tkm-1[0m stage [32mmeta-pipeline[0m and container [32mstep-credential-initializer-ftszn[0m
{"level":"warn","ts":1568369265.8864899,"logger":"fallback-logger","caller":"logging/config.go:69","msg":"Fetch GitHub commit ID from kodata failed: \"ref: refs/heads/master\" is not a valid GitHub commit ID"}
{"level":"info","ts":1568369265.8869286,"logger":"fallback-logger","caller":"creds-init/main.go:40","msg":"Credentials initialized."}

Showing logs for build [32mcb-kubecd-environment-pr-499-4-s5tkm-1[0m stage [32mmeta-pipeline[0m and container [32mstep-working-dir-initializer-w96sn[0m
{"level":"warn","ts":1568369267.268827,"logger":"fallback-logger","caller":"logging/config.go:69","msg":"Fetch GitHub commit ID from kodata failed: open /var/run/ko/HEAD: no such file or directory"}
{"level":"info","ts":1568369267.2709255,"logger":"fallback-logger","caller":"bash/main.go:65","msg":"Successfully executed command \"mkdir -p /workspace/source\""}

Showing logs for build [32mcb-kubecd-environment-pr-499-4-s5tkm-1[0m stage [32mmeta-pipeline[0m and container [32mstep-place-tools[0m

Showing logs for build [32mcb-kubecd-environment-pr-499-4-s5tkm-1[0m stage [32mmeta-pipeline[0m and container [32mstep-git-source-meta-cb-kubecd-environment-pr-4-p5ffs[0m
{"level":"warn","ts":1568369273.552774,"logger":"fallback-logger","caller":"logging/config.go:69","msg":"Fetch GitHub commit ID from kodata failed: \"ref: refs/heads/master\" is not a valid GitHub commit ID"}
{"level":"info","ts":1568369274.6092322,"logger":"fallback-logger","caller":"git/git.go:102","msg":"Successfully cloned https://github.com/cb-kubecd/environment-pr-499-4-tekton-gkebdd-staging.git @ 36ca207b7148230f2eac505c80c75562f3942328 in path /workspace/source"}

Showing logs for build [32mcb-kubecd-environment-pr-499-4-s5tkm-1[0m stage [32mmeta-pipeline[0m and container [32mstep-git-merge[0m
Using SHAs from PULL_REFS=master:36ca207b7148230f2eac505c80c75562f3942328,3:9088123555fdebdee3693d8bd9785095818f1c1e
DEBUG: ran git fetch --unshallow origin 9088123555fdebdee3693d8bd9785095818f1c1e: 36ca207b7148230f2eac505c80c75562f3942328: in 
DEBUG: ran git checkout master in 
DEBUG: ran git reset --hard 36ca207b7148230f2eac505c80c75562f3942328 in 
DEBUG: ran clean --force -d . in 
DEBUG: ran git merge 9088123555fdebdee3693d8bd9785095818f1c1e in 
Merged SHA 9088123555fdebdee3693d8bd9785095818f1c1e with commit message 'chore: Promote bdd-ghf**y-import-1568369151 to version 0.0.1' into base branch master

Showing logs for build [32mcb-kubecd-environment-pr-499-4-s5tkm-1[0m stage [32mmeta-pipeline[0m and container [32mstep-merge-pull-refs[0m
DEBUG: ran git fetch origin 9088123555fdebdee3693d8bd9785095818f1c1e: 36ca207b7148230f2eac505c80c75562f3942328: in 
DEBUG: Unshallowed git repo in 
DEBUG: ran git checkout master in 
DEBUG: ran git reset --hard 36ca207b7148230f2eac505c80c75562f3942328 in 
DEBUG: ran clean --force -d . in 
DEBUG: ran git merge 9088123555fdebdee3693d8bd9785095818f1c1e in 
Merged SHA 9088123555fdebdee3693d8bd9785095818f1c1e with commit message 'chore: Promote bdd-ghf**y-import-1568369151 to version 0.0.1' into base branch master

Showing logs for build [32mcb-kubecd-environment-pr-499-4-s5tkm-1[0m stage [32mmeta-pipeline[0m and container [32mstep-create-effective-pipeline[0m
Deleting and cloning the Jenkins X versions repo
Cloning the Jenkins X versions repo https://github.com/jenkins-x/jenkins-x-versions.git with revision f04d40a4a432b0b662e58ecc52a4d2647cf29541 to /builder/home/.**/jenkins-x-versions
From https://github.com/jenkins-x/jenkins-x-versions
 * branch            f04d40a4a432b0b662e58ecc52a4d2647cf29541 -> FETCH_HEAD
selected pack: /builder/home/.**/draft/packs/github.com/jenkins-x-buildpacks/jenkins-x-kubernetes/packs/environment
Effective pipeline written to jenkins-x-promotion-build-effective.yml

Showing logs for build [32mcb-kubecd-environment-pr-499-4-s5tkm-1[0m stage [32mmeta-pipeline[0m and container [32mstep-create-tekton-crds[0m
Deleting and cloning the Jenkins X versions repo
Cloning the Jenkins X versions repo https://github.com/jenkins-x/jenkins-x-versions.git with revision f04d40a4a432b0b662e58ecc52a4d2647cf29541 to /builder/home/.**/jenkins-x-versions
From https://github.com/jenkins-x/jenkins-x-versions
 * branch            f04d40a4a432b0b662e58ecc52a4d2647cf29541 -> FETCH_HEAD
PipelineActivity for cb-kubecd-environment-pr-499-4-tekton-gkebdd-staging-PR-3-1
Applying changes 
upserted PipelineResource cb-kubecd-environment-pr-499-4 for the git repository https://github.com/cb-kubecd/environment-pr-499-4-tekton-gkebdd-staging.git
upserted Task cb-kubecd-environment-pr-499-4-s5tkm-from-build-pack-1
upserted Pipeline cb-kubecd-environment-pr-499-4-s5tkm-1
created PipelineRun cb-kubecd-environment-pr-499-4-s5tkm-1
created PipelineStructure cb-kubecd-environment-pr-499-4-s5tkm-1

Showing logs for build [32mcb-kubecd-environment-pr-499-4-s5tkm-1[0m stage [32mfrom-build-pack[0m and container [32mstep-credential-initializer-bpvwz[0m
{"level":"warn","ts":1568369290.2197087,"logger":"fallback-logger","caller":"logging/config.go:69","msg":"Fetch GitHub commit ID from kodata failed: \"ref: refs/heads/master\" is not a valid GitHub commit ID"}
{"level":"info","ts":1568369290.2203577,"logger":"fallback-logger","caller":"creds-init/main.go:40","msg":"Credentials initialized."}

Showing logs for build [32mcb-kubecd-environment-pr-499-4-s5tkm-1[0m stage [32mfrom-build-pack[0m and container [32mstep-working-dir-initializer-8wrgv[0m
{"level":"warn","ts":1568369291.0560856,"logger":"fallback-logger","caller":"logging/config.go:69","msg":"Fetch GitHub commit ID from kodata failed: open /var/run/ko/HEAD: no such file or directory"}
{"level":"info","ts":1568369291.0579102,"logger":"fallback-logger","caller":"bash/main.go:65","msg":"Successfully executed command \"mkdir -p /workspace/source /workspace/source/env\""}

Showing logs for build [32mcb-kubecd-environment-pr-499-4-s5tkm-1[0m stage [32mfrom-build-pack[0m and container [32mstep-place-tools[0m

Showing logs for build [32mcb-kubecd-environment-pr-499-4-s5tkm-1[0m stage [32mfrom-build-pack[0m and container [32mstep-git-source-cb-kubecd-environment-pr-499-4-qgmfp[0m
{"level":"warn","ts":1568369295.3947747,"logger":"fallback-logger","caller":"logging/config.go:69","msg":"Fetch GitHub commit ID from kodata failed: \"ref: refs/heads/master\" is not a valid GitHub commit ID"}
{"level":"info","ts":1568369296.4473038,"logger":"fallback-logger","caller":"git/git.go:102","msg":"Successfully cloned https://github.com/cb-kubecd/environment-pr-499-4-tekton-gkebdd-staging.git @ master in path /workspace/source"}

Showing logs for build [32mcb-kubecd-environment-pr-499-4-s5tkm-1[0m stage [32mfrom-build-pack[0m and container [32mstep-git-merge[0m
Using SHAs from PULL_REFS=master:36ca207b7148230f2eac505c80c75562f3942328,3:9088123555fdebdee3693d8bd9785095818f1c1e
DEBUG: ran git fetch --unshallow origin 9088123555fdebdee3693d8bd9785095818f1c1e: 36ca207b7148230f2eac505c80c75562f3942328: in 
DEBUG: ran git checkout master in 
DEBUG: ran git reset --hard 36ca207b7148230f2eac505c80c75562f3942328 in 
DEBUG: ran clean --force -d . in 
DEBUG: ran git merge 9088123555fdebdee3693d8bd9785095818f1c1e in 
Merged SHA 9088123555fdebdee3693d8bd9785095818f1c1e with commit message 'chore: Promote bdd-ghf**y-import-1568369151 to version 0.0.1' into base branch master

Showing logs for build [32mcb-kubecd-environment-pr-499-4-s5tkm-1[0m stage [32mfrom-build-pack[0m and container [32mstep-build-helm-build[0m
WARNING: No $CHART_REPOSITORY defined so using the default value of: http://jenkins-x-chartmuseum:8080
Adding missing Helm repo: storage.googleapis.com https://storage.googleapis.com/chartmuseum.jenkins-x.io
Successfully added Helm repository storage.googleapis.com.
Adding missing Helm repo: jenkins-x-chartmuseum http://jenkins-x-chartmuseum:8080
Successfully added Helm repository jenkins-x-chartmuseum.
WARNING: No $CHART_REPOSITORY defined so using the default value of: http://jenkins-x-chartmuseum:8080
Adding missing Helm repo: chartmuseum.jenkins-x.io http://chartmuseum.jenkins-x.io
Successfully added Helm repository chartmuseum.jenkins-x.io.
