
Showing logs for build [32mcb-kubecd-environment-pr-499-4-jb2kk-3[0m stage [32mmeta-pipeline[0m and container [32mstep-credential-initializer-hrqrz[0m
{"level":"warn","ts":1568369311.478647,"logger":"fallback-logger","caller":"logging/config.go:69","msg":"Fetch GitHub commit ID from kodata failed: \"ref: refs/heads/master\" is not a valid GitHub commit ID"}
{"level":"info","ts":1568369311.4792342,"logger":"fallback-logger","caller":"creds-init/main.go:40","msg":"Credentials initialized."}

Showing logs for build [32mcb-kubecd-environment-pr-499-4-jb2kk-3[0m stage [32mmeta-pipeline[0m and container [32mstep-working-dir-initializer-dp26x[0m
{"level":"warn","ts":1568369312.6222918,"logger":"fallback-logger","caller":"logging/config.go:69","msg":"Fetch GitHub commit ID from kodata failed: open /var/run/ko/HEAD: no such file or directory"}
{"level":"info","ts":1568369312.6240358,"logger":"fallback-logger","caller":"bash/main.go:65","msg":"Successfully executed command \"mkdir -p /workspace/source\""}

Showing logs for build [32mcb-kubecd-environment-pr-499-4-jb2kk-3[0m stage [32mmeta-pipeline[0m and container [32mstep-place-tools[0m

Showing logs for build [32mcb-kubecd-environment-pr-499-4-jb2kk-3[0m stage [32mmeta-pipeline[0m and container [32mstep-git-source-meta-cb-kubecd-environment-pr-4-2mn59[0m
{"level":"warn","ts":1568369318.7569454,"logger":"fallback-logger","caller":"logging/config.go:69","msg":"Fetch GitHub commit ID from kodata failed: \"ref: refs/heads/master\" is not a valid GitHub commit ID"}
{"level":"info","ts":1568369319.8498049,"logger":"fallback-logger","caller":"git/git.go:102","msg":"Successfully cloned https://github.com/cb-kubecd/environment-pr-499-4-tekton-gkebdd-staging.git @ 4c27f7b41ff66550090d2afaf0a9b3b4d9fdd761 in path /workspace/source"}

Showing logs for build [32mcb-kubecd-environment-pr-499-4-jb2kk-3[0m stage [32mmeta-pipeline[0m and container [32mstep-git-merge[0m
Using SHAs from PULL_REFS=master:4c27f7b41ff66550090d2afaf0a9b3b4d9fdd761
WARNING: no SHAs to merge, falling back to initial cloned commit

Showing logs for build [32mcb-kubecd-environment-pr-499-4-jb2kk-3[0m stage [32mmeta-pipeline[0m and container [32mstep-merge-pull-refs[0m
SKIP merge-pull-refs: Nothing to merge

Showing logs for build [32mcb-kubecd-environment-pr-499-4-jb2kk-3[0m stage [32mmeta-pipeline[0m and container [32mstep-create-effective-pipeline[0m
Deleting and cloning the Jenkins X versions repo
Cloning the Jenkins X versions repo https://github.com/jenkins-x/jenkins-x-versions.git with revision f04d40a4a432b0b662e58ecc52a4d2647cf29541 to /builder/home/.**/jenkins-x-versions
From https://github.com/jenkins-x/jenkins-x-versions
 * branch            f04d40a4a432b0b662e58ecc52a4d2647cf29541 -> FETCH_HEAD
selected pack: /builder/home/.**/draft/packs/github.com/jenkins-x-buildpacks/jenkins-x-kubernetes/packs/environment
Effective pipeline written to jenkins-x-promotion-effective.yml

Showing logs for build [32mcb-kubecd-environment-pr-499-4-jb2kk-3[0m stage [32mmeta-pipeline[0m and container [32mstep-create-tekton-crds[0m
Deleting and cloning the Jenkins X versions repo
Cloning the Jenkins X versions repo https://github.com/jenkins-x/jenkins-x-versions.git with revision f04d40a4a432b0b662e58ecc52a4d2647cf29541 to /builder/home/.**/jenkins-x-versions
From https://github.com/jenkins-x/jenkins-x-versions
 * branch            f04d40a4a432b0b662e58ecc52a4d2647cf29541 -> FETCH_HEAD
running command: ** step next-version --use-git-tag-only --tag
created new version: 0.0.3 and written to file: ./VERSION
Tag v0.0.3 created and pushed to remote origin

PipelineActivity for cb-kubecd-environment-pr-499-4-tekton-gkebdd-staging-master-3
Applying changes 
upserted PipelineResource cb-kubecd-environment-pr-499-4 for the git repository https://github.com/cb-kubecd/environment-pr-499-4-tekton-gkebdd-staging.git
upserted Task cb-kubecd-environment-pr-499-4-jb2kk-from-build-pack-3
upserted Pipeline cb-kubecd-environment-pr-499-4-jb2kk-3
created PipelineRun cb-kubecd-environment-pr-499-4-jb2kk-3
created PipelineStructure cb-kubecd-environment-pr-499-4-jb2kk-3

Showing logs for build [32mcb-kubecd-environment-pr-499-4-jb2kk-3[0m stage [32mfrom-build-pack[0m and container [32mstep-credential-initializer-n4rt9[0m
{"level":"warn","ts":1568369339.4538598,"logger":"fallback-logger","caller":"logging/config.go:69","msg":"Fetch GitHub commit ID from kodata failed: \"ref: refs/heads/master\" is not a valid GitHub commit ID"}
{"level":"info","ts":1568369339.4554756,"logger":"fallback-logger","caller":"creds-init/main.go:40","msg":"Credentials initialized."}

Showing logs for build [32mcb-kubecd-environment-pr-499-4-jb2kk-3[0m stage [32mfrom-build-pack[0m and container [32mstep-working-dir-initializer-nvqpz[0m
{"level":"warn","ts":1568369340.1486669,"logger":"fallback-logger","caller":"logging/config.go:69","msg":"Fetch GitHub commit ID from kodata failed: open /var/run/ko/HEAD: no such file or directory"}
{"level":"info","ts":1568369340.1585877,"logger":"fallback-logger","caller":"bash/main.go:65","msg":"Successfully executed command \"mkdir -p /workspace/source /workspace/source/env\""}

Showing logs for build [32mcb-kubecd-environment-pr-499-4-jb2kk-3[0m stage [32mfrom-build-pack[0m and container [32mstep-place-tools[0m

Showing logs for build [32mcb-kubecd-environment-pr-499-4-jb2kk-3[0m stage [32mfrom-build-pack[0m and container [32mstep-git-source-cb-kubecd-environment-pr-499-4-hqwzj[0m
{"level":"warn","ts":1568369345.2832177,"logger":"fallback-logger","caller":"logging/config.go:69","msg":"Fetch GitHub commit ID from kodata failed: \"ref: refs/heads/master\" is not a valid GitHub commit ID"}
{"level":"info","ts":1568369346.3948915,"logger":"fallback-logger","caller":"git/git.go:102","msg":"Successfully cloned https://github.com/cb-kubecd/environment-pr-499-4-tekton-gkebdd-staging.git @ v0.0.3 in path /workspace/source"}

Showing logs for build [32mcb-kubecd-environment-pr-499-4-jb2kk-3[0m stage [32mfrom-build-pack[0m and container [32mstep-git-merge[0m
Using SHAs from PULL_REFS=master:4c27f7b41ff66550090d2afaf0a9b3b4d9fdd761
WARNING: no SHAs to merge, falling back to initial cloned commit

Showing logs for build [32mcb-kubecd-environment-pr-499-4-jb2kk-3[0m stage [32mfrom-build-pack[0m and container [32mstep-setup-jx-git-credentials[0m
Generated Git credentials file /builder/home/git/credentials

Showing logs for build [32mcb-kubecd-environment-pr-499-4-jb2kk-3[0m stage [32mfrom-build-pack[0m and container [32mstep-build-helm-apply[0m
Modified file /workspace/source/env/Chart.yaml to set the chart to version 3
Copying the helm source directory /workspace/source/env to a temporary location for building and applying /tmp/**-helm-apply-847720572/env
Applying helm chart at /tmp/**-helm-apply-847720572/env as release name ** to namespace **-staging
verifying the helm requirements versions in dir: . using version stream URL:  and git ref: 
Deleting and cloning the Jenkins X versions repo
Cloning the Jenkins X versions repo https://github.com/jenkins-x/jenkins-x-versions.git with revision f04d40a4a432b0b662e58ecc52a4d2647cf29541 to /builder/home/.**/jenkins-x-versions
From https://github.com/jenkins-x/jenkins-x-versions
 * branch            f04d40a4a432b0b662e58ecc52a4d2647cf29541 -> FETCH_HEAD
Ignoring templates/.gitignore
Wrote chart values.yaml /tmp/**-helm-apply-847720572/env/values.yaml generated from directory tree
generated helm /tmp/**-helm-apply-847720572/env/values.yaml

PipelineSecrets: {}
cleanup:
  Annotations:
    helm.sh/hook: pre-delete
    helm.sh/hook-delete-policy: hook-succeeded
  Args:
  - --cleanup
controllerbuild:
  enabled: true
controllerworkflow:
  enabled: false
docker-registry:
  enabled: false
dockerRegistry: gcr.io
expose:
  Annotations:
    helm.sh/hook: post-install,post-upgrade
    helm.sh/hook-delete-policy: hook-succeeded
  Args:
  - --v
  - 4
  config:
    domain: 34.77.0.203.nip.io
    exposer: Ingress
    http: "true"
jenkins:
  Servers:
    Global:
      EnvVars:
        TILLER_NAMESPACE: kube-system
  enabled: false
prow: {}

Using values files: /tmp/**-helm-apply-847720572/env/values.yaml
WARNING: No $CHART_REPOSITORY defined so using the default value of: http://jenkins-x-chartmuseum:8080
Adding missing Helm repo: storage.googleapis.com https://storage.googleapis.com/chartmuseum.jenkins-x.io
Successfully added Helm repository storage.googleapis.com.
Adding missing Helm repo: jenkins-x-chartmuseum http://jenkins-x-chartmuseum:8080
Successfully added Helm repository jenkins-x-chartmuseum.
WARNING: No $CHART_REPOSITORY defined so using the default value of: http://jenkins-x-chartmuseum:8080
Adding missing Helm repo: chartmuseum.jenkins-x.io http://chartmuseum.jenkins-x.io
Successfully added Helm repository chartmuseum.jenkins-x.io.
Applying Apps chart overrides
Applying chart overrides
Deleting and cloning the Jenkins X versions repo
Cloning the Jenkins X versions repo https://github.com/jenkins-x/jenkins-x-versions.git with revision f04d40a4a432b0b662e58ecc52a4d2647cf29541 to /builder/home/.**/jenkins-x-versions
From https://github.com/jenkins-x/jenkins-x-versions
 * branch            f04d40a4a432b0b662e58ecc52a4d2647cf29541 -> FETCH_HEAD


