
Showing logs for build [32mcb-kubecd-environment-pr-499-4-wjqb2-1[0m stage [32mmeta-pipeline[0m and container [32mstep-credential-initializer-kbs5f[0m
{"level":"warn","ts":1568370075.2619894,"logger":"fallback-logger","caller":"logging/config.go:69","msg":"Fetch GitHub commit ID from kodata failed: \"ref: refs/heads/master\" is not a valid GitHub commit ID"}
{"level":"info","ts":1568370075.262582,"logger":"fallback-logger","caller":"creds-init/main.go:40","msg":"Credentials initialized."}

Showing logs for build [32mcb-kubecd-environment-pr-499-4-wjqb2-1[0m stage [32mmeta-pipeline[0m and container [32mstep-working-dir-initializer-sh9bd[0m
{"level":"warn","ts":1568370076.3374672,"logger":"fallback-logger","caller":"logging/config.go:69","msg":"Fetch GitHub commit ID from kodata failed: open /var/run/ko/HEAD: no such file or directory"}
{"level":"info","ts":1568370076.3440204,"logger":"fallback-logger","caller":"bash/main.go:65","msg":"Successfully executed command \"mkdir -p /workspace/source\""}

Showing logs for build [32mcb-kubecd-environment-pr-499-4-wjqb2-1[0m stage [32mmeta-pipeline[0m and container [32mstep-place-tools[0m

Showing logs for build [32mcb-kubecd-environment-pr-499-4-wjqb2-1[0m stage [32mmeta-pipeline[0m and container [32mstep-git-source-meta-cb-kubecd-environment-pr-4-hm95z[0m
{"level":"warn","ts":1568370082.5595555,"logger":"fallback-logger","caller":"logging/config.go:69","msg":"Fetch GitHub commit ID from kodata failed: \"ref: refs/heads/master\" is not a valid GitHub commit ID"}
{"level":"info","ts":1568370083.6248643,"logger":"fallback-logger","caller":"git/git.go:102","msg":"Successfully cloned https://github.com/cb-kubecd/environment-pr-499-4-tekton-gkebdd-staging.git @ 7608f1c143edc3f9844a6b5fbf0488a76e696cff in path /workspace/source"}

Showing logs for build [32mcb-kubecd-environment-pr-499-4-wjqb2-1[0m stage [32mmeta-pipeline[0m and container [32mstep-git-merge[0m
Using SHAs from PULL_REFS=master:7608f1c143edc3f9844a6b5fbf0488a76e696cff,5:6053372e77e8be1bae3ab95b2fdd3aeb32d02bd2
DEBUG: ran git fetch --unshallow origin 6053372e77e8be1bae3ab95b2fdd3aeb32d02bd2: 7608f1c143edc3f9844a6b5fbf0488a76e696cff: in 
DEBUG: ran git checkout master in 
DEBUG: ran git reset --hard 7608f1c143edc3f9844a6b5fbf0488a76e696cff in 
DEBUG: ran clean --force -d . in 
DEBUG: ran git merge 6053372e77e8be1bae3ab95b2fdd3aeb32d02bd2 in 
Merged SHA 6053372e77e8be1bae3ab95b2fdd3aeb32d02bd2 with commit message 'chore: Promote bdd-sbrp-import-1568369151 to version 0.0.1' into base branch master

Showing logs for build [32mcb-kubecd-environment-pr-499-4-wjqb2-1[0m stage [32mmeta-pipeline[0m and container [32mstep-merge-pull-refs[0m
DEBUG: ran git fetch origin 6053372e77e8be1bae3ab95b2fdd3aeb32d02bd2: 7608f1c143edc3f9844a6b5fbf0488a76e696cff: in 
DEBUG: Unshallowed git repo in 
DEBUG: ran git checkout master in 
DEBUG: ran git reset --hard 7608f1c143edc3f9844a6b5fbf0488a76e696cff in 
DEBUG: ran clean --force -d . in 
DEBUG: ran git merge 6053372e77e8be1bae3ab95b2fdd3aeb32d02bd2 in 
Merged SHA 6053372e77e8be1bae3ab95b2fdd3aeb32d02bd2 with commit message 'chore: Promote bdd-sbrp-import-1568369151 to version 0.0.1' into base branch master

Showing logs for build [32mcb-kubecd-environment-pr-499-4-wjqb2-1[0m stage [32mmeta-pipeline[0m and container [32mstep-create-effective-pipeline[0m
Deleting and cloning the Jenkins X versions repo
Cloning the Jenkins X versions repo https://github.com/jenkins-x/jenkins-x-versions.git with revision f04d40a4a432b0b662e58ecc52a4d2647cf29541 to /builder/home/.**/jenkins-x-versions
From https://github.com/jenkins-x/jenkins-x-versions
 * branch            f04d40a4a432b0b662e58ecc52a4d2647cf29541 -> FETCH_HEAD
selected pack: /builder/home/.**/draft/packs/github.com/jenkins-x-buildpacks/jenkins-x-kubernetes/packs/environment
Effective pipeline written to jenkins-x-promotion-build-effective.yml

Showing logs for build [32mcb-kubecd-environment-pr-499-4-wjqb2-1[0m stage [32mmeta-pipeline[0m and container [32mstep-create-tekton-crds[0m
Deleting and cloning the Jenkins X versions repo
Cloning the Jenkins X versions repo https://github.com/jenkins-x/jenkins-x-versions.git with revision f04d40a4a432b0b662e58ecc52a4d2647cf29541 to /builder/home/.**/jenkins-x-versions
From https://github.com/jenkins-x/jenkins-x-versions
 * branch            f04d40a4a432b0b662e58ecc52a4d2647cf29541 -> FETCH_HEAD
PipelineActivity for cb-kubecd-environment-pr-499-4-tekton-gkebdd-staging-PR-5-1
Applying changes 
upserted PipelineResource cb-kubecd-environment-pr-499-4 for the git repository https://github.com/cb-kubecd/environment-pr-499-4-tekton-gkebdd-staging.git
upserted Task cb-kubecd-environment-pr-499-4-wjqb2-from-build-pack-1
upserted Pipeline cb-kubecd-environment-pr-499-4-wjqb2-1
created PipelineRun cb-kubecd-environment-pr-499-4-wjqb2-1
created PipelineStructure cb-kubecd-environment-pr-499-4-wjqb2-1

Showing logs for build [32mcb-kubecd-environment-pr-499-4-wjqb2-1[0m stage [32mfrom-build-pack[0m and container [32mstep-credential-initializer-2dx5d[0m
{"level":"warn","ts":1568370098.0115368,"logger":"fallback-logger","caller":"logging/config.go:69","msg":"Fetch GitHub commit ID from kodata failed: \"ref: refs/heads/master\" is not a valid GitHub commit ID"}
{"level":"info","ts":1568370098.012068,"logger":"fallback-logger","caller":"creds-init/main.go:40","msg":"Credentials initialized."}

Showing logs for build [32mcb-kubecd-environment-pr-499-4-wjqb2-1[0m stage [32mfrom-build-pack[0m and container [32mstep-working-dir-initializer-x2xgh[0m
{"level":"warn","ts":1568370099.3725863,"logger":"fallback-logger","caller":"logging/config.go:69","msg":"Fetch GitHub commit ID from kodata failed: open /var/run/ko/HEAD: no such file or directory"}
{"level":"info","ts":1568370099.374406,"logger":"fallback-logger","caller":"bash/main.go:65","msg":"Successfully executed command \"mkdir -p /workspace/source /workspace/source/env\""}

Showing logs for build [32mcb-kubecd-environment-pr-499-4-wjqb2-1[0m stage [32mfrom-build-pack[0m and container [32mstep-place-tools[0m

Showing logs for build [32mcb-kubecd-environment-pr-499-4-wjqb2-1[0m stage [32mfrom-build-pack[0m and container [32mstep-git-source-cb-kubecd-environment-pr-499-4-wwls5[0m
{"level":"warn","ts":1568370162.5508714,"logger":"fallback-logger","caller":"logging/config.go:69","msg":"Fetch GitHub commit ID from kodata failed: \"ref: refs/heads/master\" is not a valid GitHub commit ID"}
{"level":"info","ts":1568370163.6206553,"logger":"fallback-logger","caller":"git/git.go:102","msg":"Successfully cloned https://github.com/cb-kubecd/environment-pr-499-4-tekton-gkebdd-staging.git @ master in path /workspace/source"}

Showing logs for build [32mcb-kubecd-environment-pr-499-4-wjqb2-1[0m stage [32mfrom-build-pack[0m and container [32mstep-git-merge[0m
Using SHAs from PULL_REFS=master:7608f1c143edc3f9844a6b5fbf0488a76e696cff,5:6053372e77e8be1bae3ab95b2fdd3aeb32d02bd2
DEBUG: ran git fetch origin 6053372e77e8be1bae3ab95b2fdd3aeb32d02bd2: 7608f1c143edc3f9844a6b5fbf0488a76e696cff: in 
DEBUG: Unshallowed git repo in 
DEBUG: ran git checkout master in 
DEBUG: ran git reset --hard 7608f1c143edc3f9844a6b5fbf0488a76e696cff in 
DEBUG: ran clean --force -d . in 
DEBUG: ran git merge 6053372e77e8be1bae3ab95b2fdd3aeb32d02bd2 in 
Merged SHA 6053372e77e8be1bae3ab95b2fdd3aeb32d02bd2 with commit message 'chore: Promote bdd-sbrp-import-1568369151 to version 0.0.1' into base branch master

Showing logs for build [32mcb-kubecd-environment-pr-499-4-wjqb2-1[0m stage [32mfrom-build-pack[0m and container [32mstep-build-helm-build[0m
WARNING: No $CHART_REPOSITORY defined so using the default value of: http://jenkins-x-chartmuseum:8080
Adding missing Helm repo: storage.googleapis.com https://storage.googleapis.com/chartmuseum.jenkins-x.io
Successfully added Helm repository storage.googleapis.com.
Adding missing Helm repo: jenkins-x-chartmuseum http://jenkins-x-chartmuseum:8080
Successfully added Helm repository jenkins-x-chartmuseum.
WARNING: No $CHART_REPOSITORY defined so using the default value of: http://jenkins-x-chartmuseum:8080
Adding missing Helm repo: chartmuseum.jenkins-x.io http://chartmuseum.jenkins-x.io
Successfully added Helm repository chartmuseum.jenkins-x.io.
