
Showing logs for build [32mcb-kubecd-environment-pr-499-4-b4q7w-1[0m stage [32mmeta-pipeline[0m and container [32mstep-credential-initializer-cs7lh[0m
{"level":"warn","ts":1568368824.9078503,"logger":"fallback-logger","caller":"logging/config.go:69","msg":"Fetch GitHub commit ID from kodata failed: \"ref: refs/heads/master\" is not a valid GitHub commit ID"}
{"level":"info","ts":1568368824.9084873,"logger":"fallback-logger","caller":"creds-init/main.go:40","msg":"Credentials initialized."}

Showing logs for build [32mcb-kubecd-environment-pr-499-4-b4q7w-1[0m stage [32mmeta-pipeline[0m and container [32mstep-working-dir-initializer-ph6xs[0m
{"level":"warn","ts":1568368825.909577,"logger":"fallback-logger","caller":"logging/config.go:69","msg":"Fetch GitHub commit ID from kodata failed: open /var/run/ko/HEAD: no such file or directory"}
{"level":"info","ts":1568368825.9124124,"logger":"fallback-logger","caller":"bash/main.go:65","msg":"Successfully executed command \"mkdir -p /workspace/source\""}

Showing logs for build [32mcb-kubecd-environment-pr-499-4-b4q7w-1[0m stage [32mmeta-pipeline[0m and container [32mstep-place-tools[0m

Showing logs for build [32mcb-kubecd-environment-pr-499-4-b4q7w-1[0m stage [32mmeta-pipeline[0m and container [32mstep-git-source-meta-cb-kubecd-environment-pr-4-krkhq[0m
{"level":"warn","ts":1568368830.994505,"logger":"fallback-logger","caller":"logging/config.go:69","msg":"Fetch GitHub commit ID from kodata failed: \"ref: refs/heads/master\" is not a valid GitHub commit ID"}
{"level":"info","ts":1568368832.0581105,"logger":"fallback-logger","caller":"git/git.go:102","msg":"Successfully cloned https://github.com/cb-kubecd/environment-pr-499-4-tekton-gkebdd-staging.git @ 03bb9ff3c979cceb4d6d160472ed8ac8bef39ca5 in path /workspace/source"}

Showing logs for build [32mcb-kubecd-environment-pr-499-4-b4q7w-1[0m stage [32mmeta-pipeline[0m and container [32mstep-git-merge[0m
Using SHAs from PULL_REFS=master:03bb9ff3c979cceb4d6d160472ed8ac8bef39ca5,2:42e1551e163ec07f995c1812d6c8db485949e3aa
DEBUG: ran git fetch --unshallow origin 42e1551e163ec07f995c1812d6c8db485949e3aa: 03bb9ff3c979cceb4d6d160472ed8ac8bef39ca5: in 
DEBUG: ran git checkout master in 
DEBUG: ran git reset --hard 03bb9ff3c979cceb4d6d160472ed8ac8bef39ca5 in 
DEBUG: ran clean --force -d . in 
DEBUG: ran git merge 42e1551e163ec07f995c1812d6c8db485949e3aa in 
Merged SHA 42e1551e163ec07f995c1812d6c8db485949e3aa with commit message 'chore: Promote bdd-ghf**y-1568368248 to version 0.0.1' into base branch master

Showing logs for build [32mcb-kubecd-environment-pr-499-4-b4q7w-1[0m stage [32mmeta-pipeline[0m and container [32mstep-merge-pull-refs[0m
DEBUG: ran git fetch origin 42e1551e163ec07f995c1812d6c8db485949e3aa: 03bb9ff3c979cceb4d6d160472ed8ac8bef39ca5: in 
DEBUG: Unshallowed git repo in 
DEBUG: ran git checkout master in 
DEBUG: ran git reset --hard 03bb9ff3c979cceb4d6d160472ed8ac8bef39ca5 in 
DEBUG: ran clean --force -d . in 
DEBUG: ran git merge 42e1551e163ec07f995c1812d6c8db485949e3aa in 
Merged SHA 42e1551e163ec07f995c1812d6c8db485949e3aa with commit message 'chore: Promote bdd-ghf**y-1568368248 to version 0.0.1' into base branch master

Showing logs for build [32mcb-kubecd-environment-pr-499-4-b4q7w-1[0m stage [32mmeta-pipeline[0m and container [32mstep-create-effective-pipeline[0m
Deleting and cloning the Jenkins X versions repo
Cloning the Jenkins X versions repo https://github.com/jenkins-x/jenkins-x-versions.git with revision f04d40a4a432b0b662e58ecc52a4d2647cf29541 to /builder/home/.**/jenkins-x-versions
From https://github.com/jenkins-x/jenkins-x-versions
 * branch            f04d40a4a432b0b662e58ecc52a4d2647cf29541 -> FETCH_HEAD
selected pack: /builder/home/.**/draft/packs/github.com/jenkins-x-buildpacks/jenkins-x-kubernetes/packs/environment
Effective pipeline written to jenkins-x-promotion-build-effective.yml

Showing logs for build [32mcb-kubecd-environment-pr-499-4-b4q7w-1[0m stage [32mmeta-pipeline[0m and container [32mstep-create-tekton-crds[0m
Deleting and cloning the Jenkins X versions repo
Cloning the Jenkins X versions repo https://github.com/jenkins-x/jenkins-x-versions.git with revision f04d40a4a432b0b662e58ecc52a4d2647cf29541 to /builder/home/.**/jenkins-x-versions
From https://github.com/jenkins-x/jenkins-x-versions
 * branch            f04d40a4a432b0b662e58ecc52a4d2647cf29541 -> FETCH_HEAD
PipelineActivity for cb-kubecd-environment-pr-499-4-tekton-gkebdd-staging-PR-2-1
Applying changes 
upserted PipelineResource cb-kubecd-environment-pr-499-4 for the git repository https://github.com/cb-kubecd/environment-pr-499-4-tekton-gkebdd-staging.git
upserted Task cb-kubecd-environment-pr-499-4-b4q7w-from-build-pack-1
upserted Pipeline cb-kubecd-environment-pr-499-4-b4q7w-1
created PipelineRun cb-kubecd-environment-pr-499-4-b4q7w-1
created PipelineStructure cb-kubecd-environment-pr-499-4-b4q7w-1

Showing logs for build [32mcb-kubecd-environment-pr-499-4-b4q7w-1[0m stage [32mfrom-build-pack[0m and container [32mstep-credential-initializer-6tw7p[0m
{"level":"warn","ts":1568368847.8785484,"logger":"fallback-logger","caller":"logging/config.go:69","msg":"Fetch GitHub commit ID from kodata failed: \"ref: refs/heads/master\" is not a valid GitHub commit ID"}
{"level":"info","ts":1568368847.8794405,"logger":"fallback-logger","caller":"creds-init/main.go:40","msg":"Credentials initialized."}

Showing logs for build [32mcb-kubecd-environment-pr-499-4-b4q7w-1[0m stage [32mfrom-build-pack[0m and container [32mstep-working-dir-initializer-74vsl[0m
{"level":"warn","ts":1568368848.696744,"logger":"fallback-logger","caller":"logging/config.go:69","msg":"Fetch GitHub commit ID from kodata failed: open /var/run/ko/HEAD: no such file or directory"}
{"level":"info","ts":1568368848.699059,"logger":"fallback-logger","caller":"bash/main.go:65","msg":"Successfully executed command \"mkdir -p /workspace/source /workspace/source/env\""}

Showing logs for build [32mcb-kubecd-environment-pr-499-4-b4q7w-1[0m stage [32mfrom-build-pack[0m and container [32mstep-place-tools[0m

Showing logs for build [32mcb-kubecd-environment-pr-499-4-b4q7w-1[0m stage [32mfrom-build-pack[0m and container [32mstep-git-source-cb-kubecd-environment-pr-499-4-mkhtp[0m
{"level":"warn","ts":1568368853.8867333,"logger":"fallback-logger","caller":"logging/config.go:69","msg":"Fetch GitHub commit ID from kodata failed: \"ref: refs/heads/master\" is not a valid GitHub commit ID"}
{"level":"info","ts":1568368855.0204256,"logger":"fallback-logger","caller":"git/git.go:102","msg":"Successfully cloned https://github.com/cb-kubecd/environment-pr-499-4-tekton-gkebdd-staging.git @ master in path /workspace/source"}

Showing logs for build [32mcb-kubecd-environment-pr-499-4-b4q7w-1[0m stage [32mfrom-build-pack[0m and container [32mstep-git-merge[0m
Using SHAs from PULL_REFS=master:03bb9ff3c979cceb4d6d160472ed8ac8bef39ca5,2:42e1551e163ec07f995c1812d6c8db485949e3aa
DEBUG: ran git fetch --unshallow origin 42e1551e163ec07f995c1812d6c8db485949e3aa: 03bb9ff3c979cceb4d6d160472ed8ac8bef39ca5: in 
DEBUG: ran git checkout master in 
DEBUG: ran git reset --hard 03bb9ff3c979cceb4d6d160472ed8ac8bef39ca5 in 
DEBUG: ran clean --force -d . in 
DEBUG: ran git merge 42e1551e163ec07f995c1812d6c8db485949e3aa in 
Merged SHA 42e1551e163ec07f995c1812d6c8db485949e3aa with commit message 'chore: Promote bdd-ghf**y-1568368248 to version 0.0.1' into base branch master

Showing logs for build [32mcb-kubecd-environment-pr-499-4-b4q7w-1[0m stage [32mfrom-build-pack[0m and container [32mstep-build-helm-build[0m
WARNING: No $CHART_REPOSITORY defined so using the default value of: http://jenkins-x-chartmuseum:8080
Adding missing Helm repo: storage.googleapis.com https://storage.googleapis.com/chartmuseum.jenkins-x.io
Successfully added Helm repository storage.googleapis.com.
Adding missing Helm repo: jenkins-x-chartmuseum http://jenkins-x-chartmuseum:8080
Successfully added Helm repository jenkins-x-chartmuseum.
WARNING: No $CHART_REPOSITORY defined so using the default value of: http://jenkins-x-chartmuseum:8080
Adding missing Helm repo: chartmuseum.jenkins-x.io http://chartmuseum.jenkins-x.io
Successfully added Helm repository chartmuseum.jenkins-x.io.
